<?xml version="1.0" encoding="UTF-8"?>
<!-- Generated by org.testng.reporters.JUnitXMLReporter -->
<testsuite ignored="0" hostname="BHUSHAN-SHEWALE" failures="0" tests="18" name="Test" time="0.062" errors="0" timestamp="2023-03-30T20:05:23 IST">
  <testcase classname="testExecution.GroupExecution" name="ft1" time="0.007"/>
  <testcase classname="testExecution.GroupExecution" name="ft2" time="0.001"/>
  <testcase classname="testExecution.GroupExecution" name="ft3" time="0.001"/>
  <testcase classname="testExecution.GroupExecution" name="ft4" time="0.001"/>
  <testcase classname="testExecution.GroupExecution" name="ft5" time="0.0"/>
  <testcase classname="testExecution.GroupExecution" name="ft6" time="0.0"/>
  <testcase classname="testExecution.GroupExecution" name="it1" time="0.001"/>
  <testcase classname="testExecution.GroupExecution" name="it2" time="0.004"/>
  <testcase classname="testExecution.GroupExecution" name="it3" time="0.0"/>
  <testcase classname="testExecution.GroupExecution" name="it4" time="0.0"/>
  <testcase classname="testExecution.GroupExecution" name="it5" time="0.001"/>
  <testcase classname="testExecution.GroupExecution" name="it6" time="0.0"/>
  <testcase classname="testExecution.GroupExecution" name="st1" time="0.001"/>
  <testcase classname="testExecution.GroupExecution" name="st2" time="0.001"/>
  <testcase classname="testExecution.GroupExecution" name="st3" time="0.0"/>
  <testcase classname="testExecution.GroupExecution" name="st4" time="0.0"/>
  <testcase classname="testExecution.GroupExecution" name="st5" time="0.0"/>
  <testcase classname="testExecution.GroupExecution" name="st6" time="0.001"/>
</testsuite> <!-- Test -->
